<?xml version="1.0" encoding="UTF-8"?>
<!-- Generated by org.testng.reporters.JUnitReportReporter -->
<testsuite skipped="0" hostname="LAPTOP-PI6QVRRF" name="action.RightClickTest" tests="1" failures="0" timestamp="2020-03-02T12:09:27 IST" time="14.034" errors="0">
  <testcase name="rightClickTest" time="14.034" classname="action.RightClickTest"/>
</testsuite> <!-- action.RightClickTest -->
