<?xml version="1.0" encoding="UTF-8"?>
<!-- Generated by org.testng.reporters.JUnitReportReporter -->
<testsuite skipped="0" hostname="LAPTOP-PI6QVRRF" name="practice.WindowMethodTest" tests="1" failures="0" timestamp="2020-03-01T22:06:56 IST" time="16.154" errors="0">
  <testcase name="windowMethodTest" time="16.154" classname="practice.WindowMethodTest"/>
</testsuite> <!-- practice.WindowMethodTest -->
