<?xml version="1.0" encoding="UTF-8"?>
<!-- Generated by org.testng.reporters.JUnitReportReporter -->
<testsuite skipped="0" hostname="LAPTOP-PI6QVRRF" name="windowOrPopupHandling.CalendarPopUp" tests="1" failures="0" timestamp="2020-03-08T18:14:21 IST" time="14.354" errors="0">
  <testcase name="calendarPopUp" time="14.354" classname="windowOrPopupHandling.CalendarPopUp"/>
</testsuite> <!-- windowOrPopupHandling.CalendarPopUp -->
