<?xml version="1.0" encoding="UTF-8"?>
<!-- Generated by org.testng.reporters.JUnitReportReporter -->
<testsuite skipped="0" hostname="LAPTOP-PI6QVRRF" name="practice.SampleTest" tests="1" failures="0" timestamp="2020-03-01T18:20:32 IST" time="16.112" errors="0">
  <testcase name="sampleTest" time="16.112" classname="practice.SampleTest"/>
</testsuite> <!-- practice.SampleTest -->
