<?xml version="1.0" encoding="UTF-8"?>
<!-- Generated by org.testng.reporters.JUnitReportReporter -->
<testsuite skipped="0" hostname="LAPTOP-PI6QVRRF" name="windowOrPopupHandling.AlertPopUp" tests="1" failures="0" timestamp="2020-03-08T13:52:44 IST" time="15.492" errors="0">
  <testcase name="alertPopUp" time="15.492" classname="windowOrPopupHandling.AlertPopUp"/>
</testsuite> <!-- windowOrPopupHandling.AlertPopUp -->
