<?xml version="1.0" encoding="UTF-8"?>
<!-- Generated by org.testng.reporters.JUnitReportReporter -->
<testsuite skipped="0" hostname="LAPTOP-PI6QVRRF" name="action.DynamicDropDown1Test" tests="1" failures="0" timestamp="2020-02-25T22:40:20 IST" time="6.378" errors="0">
  <testcase name="dynamicDropDown" time="6.378" classname="action.DynamicDropDown1Test"/>
</testsuite> <!-- action.DynamicDropDown1Test -->
