<?xml version="1.0" encoding="UTF-8"?>
<!-- Generated by org.testng.reporters.JUnitReportReporter -->
<testsuite skipped="0" hostname="LAPTOP-PI6QVRRF" name="practice.FlipkartInventoryCount" tests="1" failures="0" timestamp="2020-03-03T20:47:43 IST" time="14.929" errors="0">
  <testcase name="flipkartInventoryCount" time="14.929" classname="practice.FlipkartInventoryCount"/>
</testsuite> <!-- practice.FlipkartInventoryCount -->
