<?xml version="1.0" encoding="UTF-8"?>
<!-- Generated by org.testng.reporters.JUnitReportReporter -->
<testsuite skipped="0" hostname="LAPTOP-PI6QVRRF" name="action.ConcurrentKeyBoardOpsTest" tests="1" failures="0" timestamp="2020-03-02T12:36:13 IST" time="19.728" errors="0">
  <testcase name="concurrentKeyBoardOps" time="19.728" classname="action.ConcurrentKeyBoardOpsTest"/>
</testsuite> <!-- action.ConcurrentKeyBoardOpsTest -->
