<?xml version="1.0" encoding="UTF-8"?>
<!-- Generated by org.testng.reporters.JUnitReportReporter -->
<testsuite skipped="0" hostname="LAPTOP-PI6QVRRF" name="findElementsPractice.AllUrlOfFavoriteData" tests="1" failures="0" timestamp="2020-03-07T21:40:16 IST" time="18.390" errors="0">
  <testcase name="allUrlOfFavoriteData" time="18.390" classname="findElementsPractice.AllUrlOfFavoriteData"/>
</testsuite> <!-- findElementsPractice.AllUrlOfFavoriteData -->
