<?xml version="1.0" encoding="UTF-8"?>
<!-- Generated by org.testng.reporters.JUnitReportReporter -->
<testsuite skipped="0" hostname="LAPTOP-PI6QVRRF" name="action.DragAndDrop" tests="1" failures="0" timestamp="2020-02-24T20:42:37 IST" time="14.472" errors="0">
  <testcase name="dragAndDrop" time="14.472" classname="action.DragAndDrop"/>
</testsuite> <!-- action.DragAndDrop -->
