<?xml version="1.0" encoding="UTF-8"?>
<!-- Generated by org.testng.reporters.JUnitReportReporter -->
<testsuite skipped="0" hostname="LAPTOP-PI6QVRRF" name="findElementsPractice.OnlyAppleIphoneNames" tests="1" failures="0" timestamp="2020-03-06T22:51:46 IST" time="17.989" errors="0">
  <testcase name="onlyAppleIphoneNames" time="17.989" classname="findElementsPractice.OnlyAppleIphoneNames"/>
</testsuite> <!-- findElementsPractice.OnlyAppleIphoneNames -->
