<?xml version="1.0" encoding="UTF-8"?>
<!-- Generated by org.testng.reporters.JUnitReportReporter -->
<testsuite skipped="0" hostname="LAPTOP-PI6QVRRF" name="action.ConcurrentKeyBoardOps" tests="1" failures="0" timestamp="24 Feb 2020 13:06:03 GMT" time="9.135" errors="0">
  <testcase name="concurrentKeyBoardOps" time="9.135" classname="action.ConcurrentKeyBoardOps"/>
</testsuite> <!-- action.ConcurrentKeyBoardOps -->
