<?xml version="1.0" encoding="UTF-8"?>
<!-- Generated by org.testng.reporters.JUnitReportReporter -->
<testsuite skipped="0" hostname="LAPTOP-PI6QVRRF" name="practice.FlipkartSamsung6GBcount" tests="1" failures="0" timestamp="2020-03-06T16:22:13 IST" time="18.521" errors="0">
  <testcase name="flipkartSamsung6GBcount" time="18.521" classname="practice.FlipkartSamsung6GBcount"/>
</testsuite> <!-- practice.FlipkartSamsung6GBcount -->
