<?xml version="1.0" encoding="UTF-8"?>
<!-- Generated by org.testng.reporters.JUnitReportReporter -->
<testsuite skipped="0" hostname="LAPTOP-PI6QVRRF" name="findElementsPractice.GoogleSuggestionListData" tests="1" failures="0" timestamp="2020-03-07T18:04:48 IST" time="9.436" errors="0">
  <testcase name="googleSuggestionListData" time="9.436" classname="findElementsPractice.GoogleSuggestionListData"/>
</testsuite> <!-- findElementsPractice.GoogleSuggestionListData -->
