<?xml version="1.0" encoding="UTF-8"?>
<!-- Generated by org.testng.reporters.JUnitReportReporter -->
<testsuite skipped="0" hostname="LAPTOP-PI6QVRRF" name="practice.Samsunga30black64gb" tests="1" failures="0" timestamp="2020-03-06T18:25:13 IST" time="16.514" errors="0">
  <testcase name="samsunga30black64gb" time="16.514" classname="practice.Samsunga30black64gb"/>
</testsuite> <!-- practice.Samsunga30black64gb -->
