<?xml version="1.0" encoding="UTF-8"?>
<!-- Generated by org.testng.reporters.JUnitReportReporter -->
<testsuite skipped="0" hostname="LAPTOP-PI6QVRRF" name="practice.UrbanLadder" tests="1" failures="0" timestamp="2020-03-14T23:56:58 IST" time="564.624" errors="0">
  <testcase name="urbanLadder" time="564.624" classname="practice.UrbanLadder"/>
</testsuite> <!-- practice.UrbanLadder -->
