<?xml version="1.0" encoding="UTF-8"?>
<!-- Generated by org.testng.reporters.JUnitReportReporter -->
<testsuite skipped="0" hostname="LAPTOP-PI6QVRRF" name="windowOrPopupHandling.NewTabWindow" tests="1" failures="0" timestamp="2020-03-08T16:49:03 IST" time="31.247" errors="0">
  <testcase name="newTabWindow" time="31.247" classname="windowOrPopupHandling.NewTabWindow"/>
</testsuite> <!-- windowOrPopupHandling.NewTabWindow -->
