<?xml version="1.0" encoding="UTF-8"?>
<!-- Generated by org.testng.reporters.JUnitReportReporter -->
<testsuite skipped="0" hostname="LAPTOP-PI6QVRRF" name="action.StaticDropDown" tests="1" failures="0" timestamp="2020-02-24T22:03:07 IST" time="16.340" errors="0">
  <testcase name="staticDropDown" time="16.340" classname="action.StaticDropDown"/>
</testsuite> <!-- action.StaticDropDown -->
