<?xml version="1.0" encoding="UTF-8"?>
<!-- Generated by org.testng.reporters.JUnitReportReporter -->
<testsuite skipped="0" hostname="LAPTOP-PI6QVRRF" name="windowOrPopupHandling.FileDownLoadPopUp" tests="1" failures="0" timestamp="2020-03-08T18:40:11 IST" time="18.956" errors="0">
  <testcase name="fileDownLoadPopUp" time="18.956" classname="windowOrPopupHandling.FileDownLoadPopUp"/>
</testsuite> <!-- windowOrPopupHandling.FileDownLoadPopUp -->
