<?xml version="1.0" encoding="UTF-8"?>
<!-- Generated by org.testng.reporters.JUnitReportReporter -->
<testsuite skipped="0" hostname="LAPTOP-PI6QVRRF" name="action.DropDownTest" tests="1" failures="0" timestamp="2020-02-25T22:31:11 IST" time="10.278" errors="0">
  <testcase name="dropDownTest" time="10.278" classname="action.DropDownTest"/>
</testsuite> <!-- action.DropDownTest -->
