<?xml version="1.0" encoding="UTF-8"?>
<!-- Generated by org.testng.reporters.JUnitReportReporter -->
<testsuite skipped="0" hostname="LAPTOP-PI6QVRRF" name="windowOrPopupHandling.FrameWindow" tests="1" failures="0" timestamp="2020-03-08T18:11:25 IST" time="12.547" errors="0">
  <testcase name="frameWindow" time="12.547" classname="windowOrPopupHandling.FrameWindow"/>
</testsuite> <!-- windowOrPopupHandling.FrameWindow -->
