<?xml version="1.0" encoding="UTF-8"?>
<!-- Generated by org.testng.reporters.JUnitReportReporter -->
<testsuite skipped="0" hostname="LAPTOP-PI6QVRRF" name="practice.MmtFlightBooking" tests="1" failures="0" timestamp="2020-03-06T15:23:17 IST" time="14.188" errors="0">
  <testcase name="mmtFlightBooking" time="14.188" classname="practice.MmtFlightBooking"/>
</testsuite> <!-- practice.MmtFlightBooking -->
