<?xml version="1.0" encoding="UTF-8"?>
<!-- Generated by org.testng.reporters.JUnitReportReporter -->
<testsuite skipped="0" hostname="LAPTOP-PI6QVRRF" name="action.DynamicDropDownTest" tests="1" failures="0" timestamp="2020-02-25T22:25:10 IST" time="6.691" errors="0">
  <testcase name="dynamicDropDown" time="6.691" classname="action.DynamicDropDownTest"/>
</testsuite> <!-- action.DynamicDropDownTest -->
