<?xml version="1.0" encoding="UTF-8"?>
<!-- Generated by org.testng.reporters.JUnitReportReporter -->
<testsuite skipped="0" hostname="LAPTOP-PI6QVRRF" name="practice.VerifyInvalidEmail" tests="1" failures="0" timestamp="2020-03-01T22:32:36 IST" time="12.509" errors="0">
  <testcase name="verifyInvalidEmail" time="12.509" classname="practice.VerifyInvalidEmail"/>
</testsuite> <!-- practice.VerifyInvalidEmail -->
