<?xml version="1.0" encoding="UTF-8"?>
<!-- Generated by org.testng.reporters.JUnitReportReporter -->
<testsuite skipped="0" hostname="LAPTOP-PI6QVRRF" name="action.DynamicDropDown2Test" tests="1" failures="0" timestamp="2020-03-03T12:09:59 IST" time="8.321" errors="0">
  <testcase name="dynamicDropDown2Test" time="8.321" classname="action.DynamicDropDown2Test"/>
</testsuite> <!-- action.DynamicDropDown2Test -->
