<?xml version="1.0" encoding="UTF-8"?>
<!-- Generated by org.testng.reporters.JUnitReportReporter -->
<testsuite skipped="0" hostname="LAPTOP-PI6QVRRF" name="findElementsPractice.AllIphoneXRNamePrice" tests="1" failures="0" timestamp="2020-03-07T00:21:27 IST" time="46.005" errors="0">
  <testcase name="allIphoneXRNamePrice" time="46.005" classname="findElementsPractice.AllIphoneXRNamePrice"/>
</testsuite> <!-- findElementsPractice.AllIphoneXRNamePrice -->
