<?xml version="1.0" encoding="UTF-8"?>
<!-- Generated by org.testng.reporters.JUnitReportReporter -->
<testsuite skipped="0" hostname="LAPTOP-PI6QVRRF" name="practice.RedBusBooking" tests="1" failures="0" timestamp="2020-03-05T17:08:42 IST" time="13.475" errors="0">
  <testcase name="redBusBooking" time="13.475" classname="practice.RedBusBooking"/>
</testsuite> <!-- practice.RedBusBooking -->
